============================= test session starts ==============================
platform linux -- Python 3.11.13, pytest-9.0.2, pluggy-1.6.0 -- /burg-archive/home/mck2199/clm-ml-jax/jax-agents/.venv/bin/python3
cachedir: .pytest_cache
rootdir: /burg-archive/home/mck2199/clm-ml-jax
configfile: pytest.ini
plugins: cov-7.0.0, anyio-4.12.0
collecting ... collected 32 items

../tests/multilayer_canopy/test_MLCanopyWaterMod.py::test_canopy_interception_output_shapes[test_nominal_moderate_rain_multilayer] FAILED [  3%]
../tests/multilayer_canopy/test_MLCanopyWaterMod.py::test_canopy_interception_output_shapes[test_nominal_mixed_precipitation] FAILED [  6%]
../tests/multilayer_canopy/test_MLCanopyWaterMod.py::test_canopy_interception_output_shapes[test_nominal_heavy_rain_dense_canopy] FAILED [  9%]
../tests/multilayer_canopy/test_MLCanopyWaterMod.py::test_canopy_interception_output_shapes[test_edge_zero_precipitation] FAILED [ 12%]
../tests/multilayer_canopy/test_MLCanopyWaterMod.py::test_canopy_interception_output_shapes[test_edge_zero_canopy_structure] FAILED [ 15%]
../tests/multilayer_canopy/test_MLCanopyWaterMod.py::test_canopy_interception_physical_constraints[test_nominal_moderate_rain_multilayer] FAILED [ 18%]
../tests/multilayer_canopy/test_MLCanopyWaterMod.py::test_canopy_interception_physical_constraints[test_nominal_mixed_precipitation] FAILED [ 21%]
../tests/multilayer_canopy/test_MLCanopyWaterMod.py::test_canopy_interception_physical_constraints[test_nominal_heavy_rain_dense_canopy] FAILED [ 25%]
../tests/multilayer_canopy/test_MLCanopyWaterMod.py::test_canopy_interception_physical_constraints[test_nominal_clm45_formulation] FAILED [ 28%]
../tests/multilayer_canopy/test_MLCanopyWaterMod.py::test_canopy_interception_physical_constraints[test_edge_saturated_canopy] FAILED [ 31%]
../tests/multilayer_canopy/test_MLCanopyWaterMod.py::test_canopy_interception_mass_balance[test_nominal_moderate_rain_multilayer] FAILED [ 34%]
../tests/multilayer_canopy/test_MLCanopyWaterMod.py::test_canopy_interception_mass_balance[test_nominal_mixed_precipitation] FAILED [ 37%]
../tests/multilayer_canopy/test_MLCanopyWaterMod.py::test_canopy_interception_mass_balance[test_nominal_heavy_rain_dense_canopy] FAILED [ 40%]
../tests/multilayer_canopy/test_MLCanopyWaterMod.py::test_canopy_interception_zero_precipitation FAILED [ 43%]
../tests/multilayer_canopy/test_MLCanopyWaterMod.py::test_canopy_interception_zero_canopy FAILED [ 46%]
../tests/multilayer_canopy/test_MLCanopyWaterMod.py::test_canopy_interception_minimal_canopy FAILED [ 50%]
../tests/multilayer_canopy/test_MLCanopyWaterMod.py::test_canopy_interception_saturated_canopy FAILED [ 53%]
../tests/multilayer_canopy/test_MLCanopyWaterMod.py::test_canopy_interception_extreme_snowfall FAILED [ 56%]
../tests/multilayer_canopy/test_MLCanopyWaterMod.py::test_canopy_interception_clm45_vs_clm5 FAILED [ 59%]
../tests/multilayer_canopy/test_MLCanopyWaterMod.py::test_canopy_interception_dtypes[test_nominal_moderate_rain_multilayer] FAILED [ 62%]
../tests/multilayer_canopy/test_MLCanopyWaterMod.py::test_canopy_interception_dtypes[test_edge_zero_precipitation] FAILED [ 65%]
../tests/multilayer_canopy/test_MLCanopyWaterMod.py::test_canopy_evaporation_output_shapes FAILED [ 68%]
../tests/multilayer_canopy/test_MLCanopyWaterMod.py::test_canopy_evaporation_physical_constraints FAILED [ 71%]
../tests/multilayer_canopy/test_MLCanopyWaterMod.py::test_canopy_evaporation_zero_fluxes FAILED [ 75%]
../tests/multilayer_canopy/test_MLCanopyWaterMod.py::test_canopy_evaporation_dtypes FAILED [ 78%]
../tests/multilayer_canopy/test_MLCanopyWaterMod.py::test_get_default_interception_params_defaults PASSED [ 81%]
../tests/multilayer_canopy/test_MLCanopyWaterMod.py::test_get_default_interception_params_custom PASSED [ 84%]
../tests/multilayer_canopy/test_MLCanopyWaterMod.py::test_get_default_interception_params_constraints PASSED [ 87%]
../tests/multilayer_canopy/test_MLCanopyWaterMod.py::test_canopy_interception_timestep_sensitivity FAILED [ 90%]
../tests/multilayer_canopy/test_MLCanopyWaterMod.py::test_canopy_water_state_consistency PASSED [ 93%]
../tests/multilayer_canopy/test_MLCanopyWaterMod.py::test_test_data_completeness PASSED [ 96%]
../tests/multilayer_canopy/test_MLCanopyWaterMod.py::test_test_data_input_consistency PASSED [100%]/burg-archive/home/mck2199/clm-ml-jax/jax-agents/.venv/lib64/python3.11/site-packages/coverage/control.py:957: CoverageWarning: No data was collected. (no-data-collected); see https://coverage.readthedocs.io/en/7.13.0/messages.html#warning-no-data-collected
  self._warn("No data was collected.", slug="no-data-collected")


=================================== FAILURES ===================================
_ test_canopy_interception_output_shapes[test_nominal_moderate_rain_multilayer] _
../tests/multilayer_canopy/test_MLCanopyWaterMod.py:541: in test_canopy_interception_output_shapes
    result = canopy_interception(
../tests/multilayer_canopy/test_MLCanopyWaterMod.py:49: in canopy_interception
    raise NotImplementedError("Replace with actual import")
E   NotImplementedError: Replace with actual import
---------------------------- Captured stderr setup -----------------------------
WARNING:2025-12-16 22:27:04,178:jax._src.xla_bridge:854: An NVIDIA GPU may be present on this machine, but a CUDA-enabled jaxlib is not installed. Falling back to cpu.
------------------------------ Captured log setup ------------------------------
WARNING  jax._src.xla_bridge:xla_bridge.py:854 An NVIDIA GPU may be present on this machine, but a CUDA-enabled jaxlib is not installed. Falling back to cpu.
___ test_canopy_interception_output_shapes[test_nominal_mixed_precipitation] ___
../tests/multilayer_canopy/test_MLCanopyWaterMod.py:541: in test_canopy_interception_output_shapes
    result = canopy_interception(
../tests/multilayer_canopy/test_MLCanopyWaterMod.py:49: in canopy_interception
    raise NotImplementedError("Replace with actual import")
E   NotImplementedError: Replace with actual import
_ test_canopy_interception_output_shapes[test_nominal_heavy_rain_dense_canopy] _
../tests/multilayer_canopy/test_MLCanopyWaterMod.py:541: in test_canopy_interception_output_shapes
    result = canopy_interception(
../tests/multilayer_canopy/test_MLCanopyWaterMod.py:49: in canopy_interception
    raise NotImplementedError("Replace with actual import")
E   NotImplementedError: Replace with actual import
_____ test_canopy_interception_output_shapes[test_edge_zero_precipitation] _____
../tests/multilayer_canopy/test_MLCanopyWaterMod.py:541: in test_canopy_interception_output_shapes
    result = canopy_interception(
../tests/multilayer_canopy/test_MLCanopyWaterMod.py:49: in canopy_interception
    raise NotImplementedError("Replace with actual import")
E   NotImplementedError: Replace with actual import
___ test_canopy_interception_output_shapes[test_edge_zero_canopy_structure] ____
../tests/multilayer_canopy/test_MLCanopyWaterMod.py:541: in test_canopy_interception_output_shapes
    result = canopy_interception(
../tests/multilayer_canopy/test_MLCanopyWaterMod.py:49: in canopy_interception
    raise NotImplementedError("Replace with actual import")
E   NotImplementedError: Replace with actual import
_ test_canopy_interception_physical_constraints[test_nominal_moderate_rain_multilayer] _
../tests/multilayer_canopy/test_MLCanopyWaterMod.py:604: in test_canopy_interception_physical_constraints
    result = canopy_interception(
../tests/multilayer_canopy/test_MLCanopyWaterMod.py:49: in canopy_interception
    raise NotImplementedError("Replace with actual import")
E   NotImplementedError: Replace with actual import
_ test_canopy_interception_physical_constraints[test_nominal_mixed_precipitation] _
../tests/multilayer_canopy/test_MLCanopyWaterMod.py:604: in test_canopy_interception_physical_constraints
    result = canopy_interception(
../tests/multilayer_canopy/test_MLCanopyWaterMod.py:49: in canopy_interception
    raise NotImplementedError("Replace with actual import")
E   NotImplementedError: Replace with actual import
_ test_canopy_interception_physical_constraints[test_nominal_heavy_rain_dense_canopy] _
../tests/multilayer_canopy/test_MLCanopyWaterMod.py:604: in test_canopy_interception_physical_constraints
    result = canopy_interception(
../tests/multilayer_canopy/test_MLCanopyWaterMod.py:49: in canopy_interception
    raise NotImplementedError("Replace with actual import")
E   NotImplementedError: Replace with actual import
_ test_canopy_interception_physical_constraints[test_nominal_clm45_formulation] _
../tests/multilayer_canopy/test_MLCanopyWaterMod.py:604: in test_canopy_interception_physical_constraints
    result = canopy_interception(
../tests/multilayer_canopy/test_MLCanopyWaterMod.py:49: in canopy_interception
    raise NotImplementedError("Replace with actual import")
E   NotImplementedError: Replace with actual import
__ test_canopy_interception_physical_constraints[test_edge_saturated_canopy] ___
../tests/multilayer_canopy/test_MLCanopyWaterMod.py:604: in test_canopy_interception_physical_constraints
    result = canopy_interception(
../tests/multilayer_canopy/test_MLCanopyWaterMod.py:49: in canopy_interception
    raise NotImplementedError("Replace with actual import")
E   NotImplementedError: Replace with actual import
_ test_canopy_interception_mass_balance[test_nominal_moderate_rain_multilayer] _
../tests/multilayer_canopy/test_MLCanopyWaterMod.py:669: in test_canopy_interception_mass_balance
    result = canopy_interception(
../tests/multilayer_canopy/test_MLCanopyWaterMod.py:49: in canopy_interception
    raise NotImplementedError("Replace with actual import")
E   NotImplementedError: Replace with actual import
___ test_canopy_interception_mass_balance[test_nominal_mixed_precipitation] ____
../tests/multilayer_canopy/test_MLCanopyWaterMod.py:669: in test_canopy_interception_mass_balance
    result = canopy_interception(
../tests/multilayer_canopy/test_MLCanopyWaterMod.py:49: in canopy_interception
    raise NotImplementedError("Replace with actual import")
E   NotImplementedError: Replace with actual import
_ test_canopy_interception_mass_balance[test_nominal_heavy_rain_dense_canopy] __
../tests/multilayer_canopy/test_MLCanopyWaterMod.py:669: in test_canopy_interception_mass_balance
    result = canopy_interception(
../tests/multilayer_canopy/test_MLCanopyWaterMod.py:49: in canopy_interception
    raise NotImplementedError("Replace with actual import")
E   NotImplementedError: Replace with actual import
_________________ test_canopy_interception_zero_precipitation __________________
../tests/multilayer_canopy/test_MLCanopyWaterMod.py:712: in test_canopy_interception_zero_precipitation
    result = canopy_interception(
../tests/multilayer_canopy/test_MLCanopyWaterMod.py:49: in canopy_interception
    raise NotImplementedError("Replace with actual import")
E   NotImplementedError: Replace with actual import
_____________________ test_canopy_interception_zero_canopy _____________________
../tests/multilayer_canopy/test_MLCanopyWaterMod.py:754: in test_canopy_interception_zero_canopy
    result = canopy_interception(
../tests/multilayer_canopy/test_MLCanopyWaterMod.py:49: in canopy_interception
    raise NotImplementedError("Replace with actual import")
E   NotImplementedError: Replace with actual import
___________________ test_canopy_interception_minimal_canopy ____________________
../tests/multilayer_canopy/test_MLCanopyWaterMod.py:798: in test_canopy_interception_minimal_canopy
    result = canopy_interception(
../tests/multilayer_canopy/test_MLCanopyWaterMod.py:49: in canopy_interception
    raise NotImplementedError("Replace with actual import")
E   NotImplementedError: Replace with actual import
__________________ test_canopy_interception_saturated_canopy ___________________
../tests/multilayer_canopy/test_MLCanopyWaterMod.py:836: in test_canopy_interception_saturated_canopy
    result = canopy_interception(
../tests/multilayer_canopy/test_MLCanopyWaterMod.py:49: in canopy_interception
    raise NotImplementedError("Replace with actual import")
E   NotImplementedError: Replace with actual import
__________________ test_canopy_interception_extreme_snowfall ___________________
../tests/multilayer_canopy/test_MLCanopyWaterMod.py:876: in test_canopy_interception_extreme_snowfall
    result = canopy_interception(
../tests/multilayer_canopy/test_MLCanopyWaterMod.py:49: in canopy_interception
    raise NotImplementedError("Replace with actual import")
E   NotImplementedError: Replace with actual import
____________________ test_canopy_interception_clm45_vs_clm5 ____________________
../tests/multilayer_canopy/test_MLCanopyWaterMod.py:922: in test_canopy_interception_clm45_vs_clm5
    result_clm5 = canopy_interception(
../tests/multilayer_canopy/test_MLCanopyWaterMod.py:49: in canopy_interception
    raise NotImplementedError("Replace with actual import")
E   NotImplementedError: Replace with actual import
____ test_canopy_interception_dtypes[test_nominal_moderate_rain_multilayer] ____
../tests/multilayer_canopy/test_MLCanopyWaterMod.py:982: in test_canopy_interception_dtypes
    result = canopy_interception(
../tests/multilayer_canopy/test_MLCanopyWaterMod.py:49: in canopy_interception
    raise NotImplementedError("Replace with actual import")
E   NotImplementedError: Replace with actual import
________ test_canopy_interception_dtypes[test_edge_zero_precipitation] _________
../tests/multilayer_canopy/test_MLCanopyWaterMod.py:982: in test_canopy_interception_dtypes
    result = canopy_interception(
../tests/multilayer_canopy/test_MLCanopyWaterMod.py:49: in canopy_interception
    raise NotImplementedError("Replace with actual import")
E   NotImplementedError: Replace with actual import
____________________ test_canopy_evaporation_output_shapes _____________________
../tests/multilayer_canopy/test_MLCanopyWaterMod.py:1030: in test_canopy_evaporation_output_shapes
    result = canopy_evaporation(evap_input)
             ^^^^^^^^^^^^^^^^^^^^^^^^^^^^^^
../tests/multilayer_canopy/test_MLCanopyWaterMod.py:54: in canopy_evaporation
    raise NotImplementedError("Replace with actual import")
E   NotImplementedError: Replace with actual import
_________________ test_canopy_evaporation_physical_constraints _________________
../tests/multilayer_canopy/test_MLCanopyWaterMod.py:1054: in test_canopy_evaporation_physical_constraints
    result = canopy_evaporation(evap_input)
             ^^^^^^^^^^^^^^^^^^^^^^^^^^^^^^
../tests/multilayer_canopy/test_MLCanopyWaterMod.py:54: in canopy_evaporation
    raise NotImplementedError("Replace with actual import")
E   NotImplementedError: Replace with actual import
_____________________ test_canopy_evaporation_zero_fluxes ______________________
../tests/multilayer_canopy/test_MLCanopyWaterMod.py:1080: in test_canopy_evaporation_zero_fluxes
    result = canopy_evaporation(evap_input)
             ^^^^^^^^^^^^^^^^^^^^^^^^^^^^^^
../tests/multilayer_canopy/test_MLCanopyWaterMod.py:54: in canopy_evaporation
    raise NotImplementedError("Replace with actual import")
E   NotImplementedError: Replace with actual import
________________________ test_canopy_evaporation_dtypes ________________________
../tests/multilayer_canopy/test_MLCanopyWaterMod.py:1103: in test_canopy_evaporation_dtypes
    result = canopy_evaporation(evap_input)
             ^^^^^^^^^^^^^^^^^^^^^^^^^^^^^^
../tests/multilayer_canopy/test_MLCanopyWaterMod.py:54: in canopy_evaporation
    raise NotImplementedError("Replace with actual import")
E   NotImplementedError: Replace with actual import
________________ test_canopy_interception_timestep_sensitivity _________________
../tests/multilayer_canopy/test_MLCanopyWaterMod.py:1208: in test_canopy_interception_timestep_sensitivity
    result_long = canopy_interception(
../tests/multilayer_canopy/test_MLCanopyWaterMod.py:49: in canopy_interception
    raise NotImplementedError("Replace with actual import")
E   NotImplementedError: Replace with actual import
================================ tests coverage ================================
_______________ coverage: platform linux, python 3.11.13-final-0 _______________

Name                                                Stmts   Miss  Cover   Missing
---------------------------------------------------------------------------------
src/jax_agents/__init__.py                              6      6     0%   7-14
src/jax_agents/base_agent.py                          114    114     0%   7-386
src/jax_agents/prompts/__init__.py                      3      3     0%   3-6
src/jax_agents/prompts/repair_prompts.py                1      1     0%   11
src/jax_agents/prompts/test_prompts_simplified.py       1      1     0%   8
src/jax_agents/prompts/translation_prompts_v2.py        1      1     0%   3
src/jax_agents/repair_agent.py                        169    169     0%   13-453
src/jax_agents/test_agent.py                          133    133     0%   11-335
src/jax_agents/translator.py                          277    277     0%   8-891
src/jax_agents/utils/__init__.py                        2      2     0%   3-5
src/jax_agents/utils/config_loader.py                  21     21     0%   3-69
---------------------------------------------------------------------------------
TOTAL                                                 728    728     0%
Coverage HTML written to dir htmlcov
Coverage XML written to file coverage.xml
=========================== short test summary info ============================
FAILED ../tests/multilayer_canopy/test_MLCanopyWaterMod.py::test_canopy_interception_output_shapes[test_nominal_moderate_rain_multilayer] - NotImplementedError: Replace with actual import
FAILED ../tests/multilayer_canopy/test_MLCanopyWaterMod.py::test_canopy_interception_output_shapes[test_nominal_mixed_precipitation] - NotImplementedError: Replace with actual import
FAILED ../tests/multilayer_canopy/test_MLCanopyWaterMod.py::test_canopy_interception_output_shapes[test_nominal_heavy_rain_dense_canopy] - NotImplementedError: Replace with actual import
FAILED ../tests/multilayer_canopy/test_MLCanopyWaterMod.py::test_canopy_interception_output_shapes[test_edge_zero_precipitation] - NotImplementedError: Replace with actual import
FAILED ../tests/multilayer_canopy/test_MLCanopyWaterMod.py::test_canopy_interception_output_shapes[test_edge_zero_canopy_structure] - NotImplementedError: Replace with actual import
FAILED ../tests/multilayer_canopy/test_MLCanopyWaterMod.py::test_canopy_interception_physical_constraints[test_nominal_moderate_rain_multilayer] - NotImplementedError: Replace with actual import
FAILED ../tests/multilayer_canopy/test_MLCanopyWaterMod.py::test_canopy_interception_physical_constraints[test_nominal_mixed_precipitation] - NotImplementedError: Replace with actual import
FAILED ../tests/multilayer_canopy/test_MLCanopyWaterMod.py::test_canopy_interception_physical_constraints[test_nominal_heavy_rain_dense_canopy] - NotImplementedError: Replace with actual import
FAILED ../tests/multilayer_canopy/test_MLCanopyWaterMod.py::test_canopy_interception_physical_constraints[test_nominal_clm45_formulation] - NotImplementedError: Replace with actual import
FAILED ../tests/multilayer_canopy/test_MLCanopyWaterMod.py::test_canopy_interception_physical_constraints[test_edge_saturated_canopy] - NotImplementedError: Replace with actual import
FAILED ../tests/multilayer_canopy/test_MLCanopyWaterMod.py::test_canopy_interception_mass_balance[test_nominal_moderate_rain_multilayer] - NotImplementedError: Replace with actual import
FAILED ../tests/multilayer_canopy/test_MLCanopyWaterMod.py::test_canopy_interception_mass_balance[test_nominal_mixed_precipitation] - NotImplementedError: Replace with actual import
FAILED ../tests/multilayer_canopy/test_MLCanopyWaterMod.py::test_canopy_interception_mass_balance[test_nominal_heavy_rain_dense_canopy] - NotImplementedError: Replace with actual import
FAILED ../tests/multilayer_canopy/test_MLCanopyWaterMod.py::test_canopy_interception_zero_precipitation - NotImplementedError: Replace with actual import
FAILED ../tests/multilayer_canopy/test_MLCanopyWaterMod.py::test_canopy_interception_zero_canopy - NotImplementedError: Replace with actual import
FAILED ../tests/multilayer_canopy/test_MLCanopyWaterMod.py::test_canopy_interception_minimal_canopy - NotImplementedError: Replace with actual import
FAILED ../tests/multilayer_canopy/test_MLCanopyWaterMod.py::test_canopy_interception_saturated_canopy - NotImplementedError: Replace with actual import
FAILED ../tests/multilayer_canopy/test_MLCanopyWaterMod.py::test_canopy_interception_extreme_snowfall - NotImplementedError: Replace with actual import
FAILED ../tests/multilayer_canopy/test_MLCanopyWaterMod.py::test_canopy_interception_clm45_vs_clm5 - NotImplementedError: Replace with actual import
FAILED ../tests/multilayer_canopy/test_MLCanopyWaterMod.py::test_canopy_interception_dtypes[test_nominal_moderate_rain_multilayer] - NotImplementedError: Replace with actual import
FAILED ../tests/multilayer_canopy/test_MLCanopyWaterMod.py::test_canopy_interception_dtypes[test_edge_zero_precipitation] - NotImplementedError: Replace with actual import
FAILED ../tests/multilayer_canopy/test_MLCanopyWaterMod.py::test_canopy_evaporation_output_shapes - NotImplementedError: Replace with actual import
FAILED ../tests/multilayer_canopy/test_MLCanopyWaterMod.py::test_canopy_evaporation_physical_constraints - NotImplementedError: Replace with actual import
FAILED ../tests/multilayer_canopy/test_MLCanopyWaterMod.py::test_canopy_evaporation_zero_fluxes - NotImplementedError: Replace with actual import
FAILED ../tests/multilayer_canopy/test_MLCanopyWaterMod.py::test_canopy_evaporation_dtypes - NotImplementedError: Replace with actual import
FAILED ../tests/multilayer_canopy/test_MLCanopyWaterMod.py::test_canopy_interception_timestep_sensitivity - NotImplementedError: Replace with actual import
========================= 26 failed, 6 passed in 3.06s =========================
